\BOOKMARK [1][-]{section.1}{\376\377\000I\000n\000t\000r\000o\000d\000u\000c\000t\000i\000o\000n}{}% 1
\BOOKMARK [1][-]{section.2}{\376\377\000T\000y\000p\000e\000s\000\040\000d\000e\000\040\000R\000\351\000s\000e\000a\000u\000x\000\040\000d\000e\000\040\000N\000e\000u\000r\000o\000n\000e\000s}{}% 2
\BOOKMARK [2][-]{subsection.2.1}{\376\377\000L\000e\000\040\000P\000e\000r\000c\000e\000p\000t\000r\000o\000n}{section.2}% 3
\BOOKMARK [2][-]{subsection.2.2}{\376\377\000L\000e\000s\000\040\000p\000e\000r\000c\000e\000p\000t\000r\000o\000n\000s\000\040\000M\000u\000l\000t\000i\000-\000C\000o\000u\000c\000h\000e\000s}{section.2}% 4
\BOOKMARK [2][-]{subsection.2.3}{\376\377\000L\000e\000s\000\040\000R\000e\000s\000e\000a\000u\000x\000\040\000d\000e\000\040\000N\000e\000u\000r\000o\000n\000e\000s\000\040\000C\000o\000n\000v\000o\000l\000u\000t\000i\000o\000n\000n\000e\000l\000\040\000\050\000C\000N\000N\000\051}{section.2}% 5
\BOOKMARK [2][-]{subsection.2.4}{\376\377\000R\000e\000c\000u\000r\000e\000n\000t\000\040\000N\000e\000u\000r\000a\000l\000\040\000N\000e\000t\000w\000o\000r\000k}{section.2}% 6
\BOOKMARK [2][-]{subsection.2.5}{\376\377\000A\000u\000t\000r\000e\000s\000\040\000r\000e\000s\000e\000a\000u\000x}{section.2}% 7
\BOOKMARK [1][-]{section.3}{\376\377\000P\000o\000u\000r\000q\000u\000o\000i\000\040\000l\000a\000\040\000c\000o\000m\000p\000r\000e\000s\000s\000i\000o\000n\000\040\000d\000e\000s\000\040\000r\000e\000s\000e\000a\000u\000x\000\040\000d\000e\000\040\000n\000e\000u\000r\000o\000n\000e\000s}{}% 8
\BOOKMARK [1][-]{section.4}{\376\377\000L\000e\000\040\000P\000r\000u\000n\000i\000n\000g}{}% 9
\BOOKMARK [2][-]{subsection.4.1}{\376\377\000C\000'\000e\000s\000t\000\040\000q\000u\000o\000i\000\040\000l\000e\000\040\000P\000r\000u\000n\000i\000n\000g}{section.4}% 10
\BOOKMARK [2][-]{subsection.4.2}{\376\377\000E\000t\000a\000t\000\040\000d\000e\000\040\000l\000'\000a\000r\000t\000\040\000d\000e\000\040\000l\000a\000\040\000m\000e\000t\000h\000o\000d\000e\000\040\000P\000r\000u\000n\000i\000n\000g}{section.4}% 11
\BOOKMARK [2][-]{subsection.4.3}{\376\377\000L\000e\000\040\000f\000u\000t\000u\000r\000\040\000d\000u\000\040\000P\000r\000u\000n\000i\000n\000g}{section.4}% 12
\BOOKMARK [2][-]{subsection.4.4}{\376\377\000P\000r\000e\000s\000e\000n\000t\000a\000t\000i\000o\000n\000\040\000d\000e\000\040\000m\000e\000s\000\040\000r\000e\000s\000u\000l\000t\000a\000t\000s}{section.4}% 13
\BOOKMARK [1][-]{section.5}{\376\377\000Q\000u\000a\000n\000t\000i\000f\000i\000c\000a\000t\000i\000o\000n}{}% 14
\BOOKMARK [2][-]{subsection.5.1}{\376\377\000M\000e\000t\000h\000o\000d\000e\000\040\000d\000e\000\040\000Q\000u\000a\000n\000t\000i\000f\000i\000c\000a\000t\000i\000o\000n}{section.5}% 15
\BOOKMARK [3][-]{subsubsection.5.1.1}{\376\377\000Q\000u\000a\000n\000t\000i\000f\000i\000c\000a\000t\000i\000o\000n\000\040\000u\000n\000i\000f\000o\000r\000m\000e}{subsection.5.1}% 16
\BOOKMARK [3][-]{subsubsection.5.1.2}{\376\377\000Q\000u\000a\000n\000t\000i\000f\000i\000c\000a\000t\000i\000o\000n\000\040\000a\000s\000y\000s\000m\000e\000t\000r\000i\000q\000u\000e}{subsection.5.1}% 17
\BOOKMARK [2][-]{subsection.5.2}{\376\377\000B\000i\000n\000a\000r\000i\000z\000a\000t\000i\000o\000n}{section.5}% 18
\BOOKMARK [1][-]{section.6}{\376\377\000D\000i\000s\000t\000i\000l\000l\000a\000t\000i\000o\000n\000\040\000d\000e\000\040\000c\000o\000n\000n\000a\000i\000s\000s\000a\000n\000c\000e}{}% 19
\BOOKMARK [1][-]{section.7}{\376\377\000A\000u\000t\000r\000e\000s\000\040\000M\000e\000t\000h\000o\000d\000e\000s}{}% 20
\BOOKMARK [1][-]{section.8}{\376\377\000C\000o\000n\000c\000l\000u\000s\000i\000o\000n}{}% 21
